------------------------------------------------------------------------------------------------------------------------

[2021-11-20 18:47:05 #1 store] 
Database 'C:\Users\Sleekbook\Desktop\frameworkProiektua\Bets2021-master\src\main\resources\bets.temp' is opened by 9548@Hp

[2021-11-20 18:47:06 #2 type.registry] 
New type domain.Event

[2021-11-20 18:47:06 #3 type] 
Type domain.Event is not enhanced.

[2021-11-20 18:47:06 #4 type.registry] 
New type domain.Question

[2021-11-20 18:47:06 #5 type.registry] 
New type java.util.Vector<domain.Question>

[2021-11-20 18:47:06 #6 type] 
Type domain.Question is not enhanced.

[2021-11-20 18:47:06 #7 type.registry] 
New type java.util.Vector<java.lang.Object>

------------------------------------------------------------------------------------------------------------------------

[2021-11-20 18:47:39 #1 store] 
Database 'C:\Users\Sleekbook\Desktop\frameworkProiektua\Bets2021-master\src\main\resources\bets.temp' is opened by 11260@Hp

[2021-11-20 18:47:39 #2 type.registry] 
New type domain.Event

[2021-11-20 18:47:39 #3 type] 
Type domain.Event is not enhanced.

[2021-11-20 18:47:39 #4 type.registry] 
New type domain.Question

[2021-11-20 18:47:39 #5 type.registry] 
New type java.util.Vector<domain.Question>

[2021-11-20 18:47:39 #6 type] 
Type domain.Question is not enhanced.

[2021-11-20 18:47:39 #7 type.registry] 
New type java.util.Vector<java.lang.Object>

------------------------------------------------------------------------------------------------------------------------

[2021-11-20 18:53:02 #1 store] 
Database 'C:\Users\Sleekbook\Desktop\frameworkProiektua\Bets2021-master\src\main\resources\bets.temp' is opened by 2144@Hp

[2021-11-20 18:53:02 #2 type.registry] 
New type domain.Event

[2021-11-20 18:53:02 #3 type] 
Type domain.Event is not enhanced.

[2021-11-20 18:53:02 #4 type.registry] 
New type domain.Question

[2021-11-20 18:53:02 #5 type.registry] 
New type java.util.Vector<domain.Question>

[2021-11-20 18:53:02 #6 type] 
Type domain.Question is not enhanced.

[2021-11-20 18:53:02 #7 type.registry] 
New type java.util.Vector<java.lang.Object>

------------------------------------------------------------------------------------------------------------------------

[2021-11-20 18:54:33 #1 store] 
Database 'C:\Users\Sleekbook\Desktop\frameworkProiektua\Bets2021-master\src\main\resources\bets.temp' is opened by 6748@Hp

[2021-11-20 18:54:34 #2 type.registry] 
New type domain.Event

[2021-11-20 18:54:34 #3 type] 
Type domain.Event is not enhanced.

[2021-11-20 18:54:34 #4 type.registry] 
New type domain.Question

[2021-11-20 18:54:34 #5 type.registry] 
New type java.util.Vector<domain.Question>

[2021-11-20 18:54:34 #6 type] 
Type domain.Question is not enhanced.

[2021-11-20 18:54:34 #7 type.registry] 
New type java.util.Vector<java.lang.Object>

