2021-11-17 10:56:35,199 [Worker-2: Loading available Gradle versions] INFO  o.e.b.c.i.u.g.PublishedGradleVersions - Gradle version information cache is out-of-date. Trying to update.
2021-11-17 10:58:36,191 [Worker-21: Building] INFO  o.e.m.c.i.l.LifecycleMappingFactory - Using org.eclipse.m2e.jdt.JarLifecycleMapping lifecycle mapping for MavenProject: Bets2222:Bets2222:0.0.1-SNAPSHOT @ C:\Users\Sleekbook\Desktop\frameworkProiektua\Bets2021-master\pom.xml.
2021-11-17 10:58:38,082 [Worker-21: Building] WARN  o.e.m.c.i.embedder.EclipseLogger - The POM for org.glassfish.gmbal:gmbal:jar:4.0.0 is invalid, transitive dependencies (if any) will not be available, enable debug logging for more details
2021-11-17 10:58:40,829 [Worker-21: Building] INFO  o.e.m.c.i.e.AbstractTransferListenerAdapter - Downloaded https://m2.objectdb.com/org/assertj/assertj-swing-junit/3.8.0/assertj-swing-junit-3.8.0.pom
2021-11-17 10:58:41,220 [Worker-21: Building] INFO  o.e.m.c.i.e.AbstractTransferListenerAdapter - Downloading https://repo.maven.apache.org/maven2/org/assertj/assertj-swing-junit/3.8.0/assertj-swing-junit-3.8.0.pom
2021-11-17 10:58:41,294 [Worker-21: Building] INFO  o.e.m.c.i.e.AbstractTransferListenerAdapter - Downloaded https://repo.maven.apache.org/maven2/org/assertj/assertj-swing-junit/3.8.0/assertj-swing-junit-3.8.0.pom
2021-11-17 10:58:41,374 [Worker-21: Building] INFO  o.e.m.c.i.e.AbstractTransferListenerAdapter - Downloaded https://m2.objectdb.com/org/assertj/assertj-swing-parent-pom/3.8.0/assertj-swing-parent-pom-3.8.0.pom
2021-11-17 10:58:42,569 [Worker-21: Building] INFO  o.e.m.c.i.e.AbstractTransferListenerAdapter - Downloading https://repo.maven.apache.org/maven2/org/assertj/assertj-swing-parent-pom/3.8.0/assertj-swing-parent-pom-3.8.0.pom
2021-11-17 10:58:42,990 [Worker-21: Building] INFO  o.e.m.c.i.e.AbstractTransferListenerAdapter - Downloaded https://repo.maven.apache.org/maven2/org/assertj/assertj-swing-parent-pom/3.8.0/assertj-swing-parent-pom-3.8.0.pom
2021-11-17 10:58:43,090 [Worker-21: Building] INFO  o.e.m.c.i.e.AbstractTransferListenerAdapter - Downloaded https://m2.objectdb.com/org/assertj/assertj-parent-pom/2.1.2/assertj-parent-pom-2.1.2.pom
2021-11-17 10:58:43,610 [Worker-21: Building] INFO  o.e.m.c.i.e.AbstractTransferListenerAdapter - Downloading https://repo.maven.apache.org/maven2/org/assertj/assertj-parent-pom/2.1.2/assertj-parent-pom-2.1.2.pom
2021-11-17 10:58:45,180 [Worker-21: Building] INFO  o.e.m.c.i.e.AbstractTransferListenerAdapter - Downloaded https://repo.maven.apache.org/maven2/org/assertj/assertj-parent-pom/2.1.2/assertj-parent-pom-2.1.2.pom
2021-11-17 10:58:45,698 [Worker-21: Building] INFO  o.e.m.c.i.e.AbstractTransferListenerAdapter - Downloaded https://m2.objectdb.com/org/assertj/assertj-swing/3.8.0/assertj-swing-3.8.0.pom
2021-11-17 10:58:45,740 [Worker-21: Building] INFO  o.e.m.c.i.e.AbstractTransferListenerAdapter - Downloading https://repo.maven.apache.org/maven2/org/assertj/assertj-swing/3.8.0/assertj-swing-3.8.0.pom
2021-11-17 10:58:45,803 [Worker-21: Building] INFO  o.e.m.c.i.e.AbstractTransferListenerAdapter - Downloaded https://repo.maven.apache.org/maven2/org/assertj/assertj-swing/3.8.0/assertj-swing-3.8.0.pom
2021-11-17 10:58:45,886 [Worker-21: Building] INFO  o.e.m.c.i.e.AbstractTransferListenerAdapter - Downloaded https://m2.objectdb.com/org/assertj/assertj-core/3.8.0/assertj-core-3.8.0.pom
2021-11-17 10:58:45,939 [Worker-21: Building] INFO  o.e.m.c.i.e.AbstractTransferListenerAdapter - Downloading https://repo.maven.apache.org/maven2/org/assertj/assertj-core/3.8.0/assertj-core-3.8.0.pom
2021-11-17 10:58:45,983 [Worker-21: Building] INFO  o.e.m.c.i.e.AbstractTransferListenerAdapter - Downloaded https://repo.maven.apache.org/maven2/org/assertj/assertj-core/3.8.0/assertj-core-3.8.0.pom
2021-11-17 10:58:46,043 [Worker-21: Building] INFO  o.e.m.c.i.e.AbstractTransferListenerAdapter - Downloaded https://m2.objectdb.com/org/assertj/assertj-parent-pom/2.1.6/assertj-parent-pom-2.1.6.pom
2021-11-17 10:58:49,365 [Worker-21: Building] INFO  o.e.m.c.i.e.AbstractTransferListenerAdapter - Downloading https://repo.maven.apache.org/maven2/org/assertj/assertj-parent-pom/2.1.6/assertj-parent-pom-2.1.6.pom
2021-11-17 10:58:49,412 [Worker-21: Building] INFO  o.e.m.c.i.e.AbstractTransferListenerAdapter - Downloaded https://repo.maven.apache.org/maven2/org/assertj/assertj-parent-pom/2.1.6/assertj-parent-pom-2.1.6.pom
2021-11-17 10:58:50,191 [Worker-21: Building] INFO  o.e.m.c.i.e.AbstractTransferListenerAdapter - Downloaded https://m2.objectdb.com/org/easytesting/fest-util/1.2.5/fest-util-1.2.5.pom
2021-11-17 10:58:50,235 [Worker-21: Building] INFO  o.e.m.c.i.e.AbstractTransferListenerAdapter - Downloading https://repo.maven.apache.org/maven2/org/easytesting/fest-util/1.2.5/fest-util-1.2.5.pom
2021-11-17 10:58:50,291 [Worker-21: Building] INFO  o.e.m.c.i.e.AbstractTransferListenerAdapter - Downloaded https://repo.maven.apache.org/maven2/org/easytesting/fest-util/1.2.5/fest-util-1.2.5.pom
2021-11-17 10:58:50,651 [Worker-21: Building] INFO  o.e.m.c.i.e.AbstractTransferListenerAdapter - Downloaded https://m2.objectdb.com/org/easytesting/fest/1.0.15/fest-1.0.15.pom
2021-11-17 10:58:50,696 [Worker-21: Building] INFO  o.e.m.c.i.e.AbstractTransferListenerAdapter - Downloading https://repo.maven.apache.org/maven2/org/easytesting/fest/1.0.15/fest-1.0.15.pom
2021-11-17 10:58:50,773 [Worker-21: Building] INFO  o.e.m.c.i.e.AbstractTransferListenerAdapter - Downloaded https://repo.maven.apache.org/maven2/org/easytesting/fest/1.0.15/fest-1.0.15.pom
2021-11-17 10:58:50,854 [Worker-21: Building] INFO  o.e.m.c.i.e.AbstractTransferListenerAdapter - Downloaded https://m2.objectdb.com/org/sonatype/oss/oss-parent/7/oss-parent-7.pom
2021-11-17 10:58:50,903 [Worker-21: Building] INFO  o.e.m.c.i.e.AbstractTransferListenerAdapter - Downloading https://repo.maven.apache.org/maven2/org/sonatype/oss/oss-parent/7/oss-parent-7.pom
2021-11-17 10:58:50,960 [Worker-21: Building] INFO  o.e.m.c.i.e.AbstractTransferListenerAdapter - Downloaded https://repo.maven.apache.org/maven2/org/sonatype/oss/oss-parent/7/oss-parent-7.pom
2021-11-17 10:58:51,032 [Worker-21: Building] INFO  o.e.m.c.i.e.AbstractTransferListenerAdapter - Downloaded https://m2.objectdb.com/org/easytesting/fest-reflect/1.4.1/fest-reflect-1.4.1.pom
2021-11-17 10:58:51,107 [Worker-21: Building] INFO  o.e.m.c.i.e.AbstractTransferListenerAdapter - Downloading https://repo.maven.apache.org/maven2/org/easytesting/fest-reflect/1.4.1/fest-reflect-1.4.1.pom
2021-11-17 10:58:51,152 [Worker-21: Building] INFO  o.e.m.c.i.e.AbstractTransferListenerAdapter - Downloaded https://repo.maven.apache.org/maven2/org/easytesting/fest-reflect/1.4.1/fest-reflect-1.4.1.pom
2021-11-17 10:58:51,352 [AetherRepositoryConnector-m2.objectdb.com-0-0] INFO  o.e.m.c.i.e.AbstractTransferListenerAdapter - Downloaded https://m2.objectdb.com/org/assertj/assertj-swing-junit/3.8.0/assertj-swing-junit-3.8.0.jar
2021-11-17 10:58:51,352 [AetherRepositoryConnector-m2.objectdb.com-0-1] INFO  o.e.m.c.i.e.AbstractTransferListenerAdapter - Downloaded https://m2.objectdb.com/org/assertj/assertj-swing/3.8.0/assertj-swing-3.8.0.jar
2021-11-17 10:58:51,454 [AetherRepositoryConnector-m2.objectdb.com-0-3] INFO  o.e.m.c.i.e.AbstractTransferListenerAdapter - Downloaded https://m2.objectdb.com/org/easytesting/fest-util/1.2.5/fest-util-1.2.5.jar
2021-11-17 10:58:51,454 [AetherRepositoryConnector-m2.objectdb.com-0-2] INFO  o.e.m.c.i.e.AbstractTransferListenerAdapter - Downloaded https://m2.objectdb.com/org/assertj/assertj-core/3.8.0/assertj-core-3.8.0.jar
2021-11-17 10:58:51,454 [AetherRepositoryConnector-m2.objectdb.com-0-4] INFO  o.e.m.c.i.e.AbstractTransferListenerAdapter - Downloaded https://m2.objectdb.com/org/easytesting/fest-reflect/1.4.1/fest-reflect-1.4.1.jar
2021-11-17 10:58:51,557 [AetherRepositoryConnector-repo.maven.apache.org-1-0] INFO  o.e.m.c.i.e.AbstractTransferListenerAdapter - Downloading https://repo.maven.apache.org/maven2/org/assertj/assertj-swing-junit/3.8.0/assertj-swing-junit-3.8.0.jar
2021-11-17 10:58:51,808 [AetherRepositoryConnector-repo.maven.apache.org-1-3] INFO  o.e.m.c.i.e.AbstractTransferListenerAdapter - Downloading https://repo.maven.apache.org/maven2/org/easytesting/fest-util/1.2.5/fest-util-1.2.5.jar
2021-11-17 10:58:51,809 [AetherRepositoryConnector-repo.maven.apache.org-1-1] INFO  o.e.m.c.i.e.AbstractTransferListenerAdapter - Downloading https://repo.maven.apache.org/maven2/org/assertj/assertj-swing/3.8.0/assertj-swing-3.8.0.jar
2021-11-17 10:58:51,808 [AetherRepositoryConnector-repo.maven.apache.org-1-4] INFO  o.e.m.c.i.e.AbstractTransferListenerAdapter - Downloading https://repo.maven.apache.org/maven2/org/easytesting/fest-reflect/1.4.1/fest-reflect-1.4.1.jar
2021-11-17 10:58:51,809 [AetherRepositoryConnector-repo.maven.apache.org-1-2] INFO  o.e.m.c.i.e.AbstractTransferListenerAdapter - Downloading https://repo.maven.apache.org/maven2/org/assertj/assertj-core/3.8.0/assertj-core-3.8.0.jar
2021-11-17 10:58:52,540 [AetherRepositoryConnector-repo.maven.apache.org-1-3] INFO  o.e.m.c.i.e.AbstractTransferListenerAdapter - Downloaded https://repo.maven.apache.org/maven2/org/easytesting/fest-util/1.2.5/fest-util-1.2.5.jar
2021-11-17 10:58:52,812 [AetherRepositoryConnector-repo.maven.apache.org-1-0] INFO  o.e.m.c.i.e.AbstractTransferListenerAdapter - Downloaded https://repo.maven.apache.org/maven2/org/assertj/assertj-swing-junit/3.8.0/assertj-swing-junit-3.8.0.jar
2021-11-17 10:58:52,812 [AetherRepositoryConnector-repo.maven.apache.org-1-4] INFO  o.e.m.c.i.e.AbstractTransferListenerAdapter - Downloaded https://repo.maven.apache.org/maven2/org/easytesting/fest-reflect/1.4.1/fest-reflect-1.4.1.jar
2021-11-17 10:58:56,678 [AetherRepositoryConnector-repo.maven.apache.org-1-1] INFO  o.e.m.c.i.e.AbstractTransferListenerAdapter - Downloaded https://repo.maven.apache.org/maven2/org/assertj/assertj-swing/3.8.0/assertj-swing-3.8.0.jar
2021-11-17 10:58:56,738 [AetherRepositoryConnector-repo.maven.apache.org-1-2] INFO  o.e.m.c.i.e.AbstractTransferListenerAdapter - Downloaded https://repo.maven.apache.org/maven2/org/assertj/assertj-core/3.8.0/assertj-core-3.8.0.jar
2021-11-17 10:59:10,274 [Worker-4: Download sources and javadoc] WARN  o.e.m.c.i.embedder.EclipseLogger - The POM for org.glassfish.gmbal:gmbal:jar:4.0.0 is invalid, transitive dependencies (if any) will not be available, enable debug logging for more details
2021-11-17 10:59:12,857 [Worker-4: Download sources and javadoc] INFO  o.e.m.c.i.e.AbstractTransferListenerAdapter - Downloaded https://m2.objectdb.com/org/assertj/assertj-swing-junit/3.8.0/assertj-swing-junit-3.8.0-sources.jar
2021-11-17 10:59:13,105 [Worker-4: Download sources and javadoc] INFO  o.e.m.c.i.e.AbstractTransferListenerAdapter - Downloading https://repo.maven.apache.org/maven2/org/assertj/assertj-swing-junit/3.8.0/assertj-swing-junit-3.8.0-sources.jar
2021-11-17 10:59:13,196 [Worker-4: Download sources and javadoc] INFO  o.e.m.c.i.e.AbstractTransferListenerAdapter - Downloaded https://repo.maven.apache.org/maven2/org/assertj/assertj-swing-junit/3.8.0/assertj-swing-junit-3.8.0-sources.jar
2021-11-17 10:59:13,352 [Worker-4: Download sources and javadoc] INFO  o.e.m.j.internal.DownloadSourcesJob - Downloaded sources for org.assertj:assertj-swing-junit:3.8.0
2021-11-17 10:59:13,625 [Worker-21: Building] WARN  o.e.m.c.i.embedder.EclipseLogger - Using platform encoding (Cp1252 actually) to copy filtered resources, i.e. build is platform dependent!
2021-11-17 10:59:13,634 [Worker-21: Building] INFO  o.e.m.c.i.embedder.EclipseLogger - Copying 19 resources
2021-11-17 10:59:13,772 [Worker-21: Building] WARN  o.e.m.c.i.embedder.EclipseLogger - Using platform encoding (Cp1252 actually) to copy filtered resources, i.e. build is platform dependent!
2021-11-17 10:59:13,774 [Worker-21: Building] INFO  o.e.m.c.i.embedder.EclipseLogger - skip non existing resourceDirectory C:\Users\Sleekbook\Desktop\frameworkProiektua\Bets2021-master\src\test\resources
2021-11-17 10:59:13,825 [Worker-4: Download sources and javadoc] INFO  o.e.m.c.i.e.AbstractTransferListenerAdapter - Downloaded https://m2.objectdb.com/org/assertj/assertj-swing/3.8.0/assertj-swing-3.8.0-sources.jar
2021-11-17 10:59:14,009 [Worker-4: Download sources and javadoc] INFO  o.e.m.c.i.e.AbstractTransferListenerAdapter - Downloading https://repo.maven.apache.org/maven2/org/assertj/assertj-swing/3.8.0/assertj-swing-3.8.0-sources.jar
2021-11-17 10:59:14,731 [Worker-4: Download sources and javadoc] INFO  o.e.m.c.i.e.AbstractTransferListenerAdapter - Downloaded https://repo.maven.apache.org/maven2/org/assertj/assertj-swing/3.8.0/assertj-swing-3.8.0-sources.jar
2021-11-17 10:59:15,063 [Worker-4: Download sources and javadoc] INFO  o.e.m.j.internal.DownloadSourcesJob - Downloaded sources for org.assertj:assertj-swing:3.8.0
2021-11-17 10:59:16,590 [Worker-13: Building] WARN  o.e.m.c.i.embedder.EclipseLogger - Using platform encoding (Cp1252 actually) to copy filtered resources, i.e. build is platform dependent!
2021-11-17 10:59:16,603 [Worker-13: Building] INFO  o.e.m.c.i.embedder.EclipseLogger - Copying 19 resources
2021-11-17 10:59:16,773 [Worker-13: Building] WARN  o.e.m.c.i.embedder.EclipseLogger - Using platform encoding (Cp1252 actually) to copy filtered resources, i.e. build is platform dependent!
2021-11-17 10:59:16,775 [Worker-13: Building] INFO  o.e.m.c.i.embedder.EclipseLogger - skip non existing resourceDirectory C:\Users\Sleekbook\Desktop\frameworkProiektua\Bets2021-master\src\test\resources
2021-11-17 10:59:17,037 [Worker-4: Download sources and javadoc] INFO  o.e.m.c.i.e.AbstractTransferListenerAdapter - Downloaded https://m2.objectdb.com/org/assertj/assertj-core/3.8.0/assertj-core-3.8.0-sources.jar
2021-11-17 10:59:17,454 [Worker-4: Download sources and javadoc] INFO  o.e.m.c.i.e.AbstractTransferListenerAdapter - Downloading https://repo.maven.apache.org/maven2/org/assertj/assertj-core/3.8.0/assertj-core-3.8.0-sources.jar
2021-11-17 10:59:18,330 [Worker-4: Download sources and javadoc] INFO  o.e.m.c.i.e.AbstractTransferListenerAdapter - Downloaded https://repo.maven.apache.org/maven2/org/assertj/assertj-core/3.8.0/assertj-core-3.8.0-sources.jar
2021-11-17 10:59:18,680 [Worker-4: Download sources and javadoc] INFO  o.e.m.j.internal.DownloadSourcesJob - Downloaded sources for org.assertj:assertj-core:3.8.0
2021-11-17 10:59:19,396 [Worker-4: Download sources and javadoc] INFO  o.e.m.c.i.e.AbstractTransferListenerAdapter - Downloaded https://m2.objectdb.com/org/easytesting/fest-util/1.2.5/fest-util-1.2.5-sources.jar
2021-11-17 10:59:20,780 [Worker-4: Download sources and javadoc] INFO  o.e.m.c.i.e.AbstractTransferListenerAdapter - Downloading https://repo.maven.apache.org/maven2/org/easytesting/fest-util/1.2.5/fest-util-1.2.5-sources.jar
2021-11-17 10:59:20,875 [Worker-4: Download sources and javadoc] INFO  o.e.m.c.i.e.AbstractTransferListenerAdapter - Downloaded https://repo.maven.apache.org/maven2/org/easytesting/fest-util/1.2.5/fest-util-1.2.5-sources.jar
2021-11-17 10:59:21,114 [Worker-4: Download sources and javadoc] INFO  o.e.m.j.internal.DownloadSourcesJob - Downloaded sources for org.easytesting:fest-util:1.2.5
2021-11-17 10:59:21,608 [Worker-4: Download sources and javadoc] INFO  o.e.m.c.i.e.AbstractTransferListenerAdapter - Downloaded https://m2.objectdb.com/org/easytesting/fest-reflect/1.4.1/fest-reflect-1.4.1-sources.jar
2021-11-17 10:59:21,879 [Worker-4: Download sources and javadoc] INFO  o.e.m.c.i.e.AbstractTransferListenerAdapter - Downloading https://repo.maven.apache.org/maven2/org/easytesting/fest-reflect/1.4.1/fest-reflect-1.4.1-sources.jar
2021-11-17 10:59:22,224 [Worker-4: Download sources and javadoc] INFO  o.e.m.c.i.e.AbstractTransferListenerAdapter - Downloaded https://repo.maven.apache.org/maven2/org/easytesting/fest-reflect/1.4.1/fest-reflect-1.4.1-sources.jar
2021-11-17 10:59:22,374 [Worker-4: Download sources and javadoc] INFO  o.e.m.j.internal.DownloadSourcesJob - Downloaded sources for org.easytesting:fest-reflect:1.4.1
2021-11-17 10:59:22,825 [Worker-7: Building] WARN  o.e.m.c.i.embedder.EclipseLogger - Using platform encoding (Cp1252 actually) to copy filtered resources, i.e. build is platform dependent!
2021-11-17 10:59:22,828 [Worker-7: Building] INFO  o.e.m.c.i.embedder.EclipseLogger - Copying 0 resource
2021-11-17 10:59:22,830 [Worker-7: Building] WARN  o.e.m.c.i.embedder.EclipseLogger - Using platform encoding (Cp1252 actually) to copy filtered resources, i.e. build is platform dependent!
2021-11-17 10:59:22,832 [Worker-7: Building] INFO  o.e.m.c.i.embedder.EclipseLogger - skip non existing resourceDirectory C:\Users\Sleekbook\Desktop\frameworkProiektua\Bets2021-master\src\test\resources
2021-11-17 11:20:56,933 [Worker-61: Building] WARN  o.e.m.c.i.embedder.EclipseLogger - Using platform encoding (Cp1252 actually) to copy filtered resources, i.e. build is platform dependent!
2021-11-17 11:20:56,943 [Worker-61: Building] INFO  o.e.m.c.i.embedder.EclipseLogger - Copying 2 resources
2021-11-17 11:20:56,960 [Worker-61: Building] WARN  o.e.m.c.i.embedder.EclipseLogger - Using platform encoding (Cp1252 actually) to copy filtered resources, i.e. build is platform dependent!
2021-11-17 11:20:56,962 [Worker-61: Building] INFO  o.e.m.c.i.embedder.EclipseLogger - skip non existing resourceDirectory C:\Users\Sleekbook\Desktop\frameworkProiektua\Bets2021-master\src\test\resources
2021-11-17 11:30:27,593 [Worker-63: Building] WARN  o.e.m.c.i.embedder.EclipseLogger - Using platform encoding (Cp1252 actually) to copy filtered resources, i.e. build is platform dependent!
2021-11-17 11:30:27,595 [Worker-63: Building] INFO  o.e.m.c.i.embedder.EclipseLogger - Copying 2 resources
2021-11-17 11:30:27,607 [Worker-63: Building] WARN  o.e.m.c.i.embedder.EclipseLogger - Using platform encoding (Cp1252 actually) to copy filtered resources, i.e. build is platform dependent!
2021-11-17 11:30:27,608 [Worker-63: Building] INFO  o.e.m.c.i.embedder.EclipseLogger - skip non existing resourceDirectory C:\Users\Sleekbook\Desktop\frameworkProiektua\Bets2021-master\src\test\resources
2021-11-18 09:26:16,039 [Worker-0: Loading available Gradle versions] INFO  o.e.b.c.i.u.g.PublishedGradleVersions - Gradle version information cache is up-to-date. Trying to read.
2021-11-18 09:31:39,114 [Worker-16: Launching ApplicationLauncher] WARN  o.e.m.c.i.embedder.EclipseLogger - The POM for org.glassfish.gmbal:gmbal:jar:4.0.0 is invalid, transitive dependencies (if any) will not be available, enable debug logging for more details
2021-11-18 10:55:20,558 [Worker-7: Loading available Gradle versions] INFO  o.e.b.c.i.u.g.PublishedGradleVersions - Gradle version information cache is up-to-date. Trying to read.
2021-11-18 11:02:59,623 [Worker-21: Launching ApplicationLauncher] WARN  o.e.m.c.i.embedder.EclipseLogger - The POM for org.glassfish.gmbal:gmbal:jar:4.0.0 is invalid, transitive dependencies (if any) will not be available, enable debug logging for more details
2021-11-18 11:59:40,935 [Worker-49: Building] WARN  o.e.m.c.i.embedder.EclipseLogger - Using platform encoding (Cp1252 actually) to copy filtered resources, i.e. build is platform dependent!
2021-11-18 11:59:40,974 [Worker-49: Building] INFO  o.e.m.c.i.embedder.EclipseLogger - Copying 20 resources
2021-11-18 11:59:41,040 [Worker-49: Building] WARN  o.e.m.c.i.embedder.EclipseLogger - Using platform encoding (Cp1252 actually) to copy filtered resources, i.e. build is platform dependent!
2021-11-18 11:59:41,041 [Worker-49: Building] INFO  o.e.m.c.i.embedder.EclipseLogger - skip non existing resourceDirectory C:\Users\Sleekbook\Desktop\frameworkProiektua\Bets2021-master\src\test\resources
2021-11-18 11:59:44,784 [Worker-52: Building] WARN  o.e.m.c.i.embedder.EclipseLogger - Using platform encoding (Cp1252 actually) to copy filtered resources, i.e. build is platform dependent!
2021-11-18 11:59:44,791 [Worker-52: Building] INFO  o.e.m.c.i.embedder.EclipseLogger - Copying 1 resource
2021-11-18 11:59:44,795 [Worker-52: Building] WARN  o.e.m.c.i.embedder.EclipseLogger - Using platform encoding (Cp1252 actually) to copy filtered resources, i.e. build is platform dependent!
2021-11-18 11:59:44,797 [Worker-52: Building] INFO  o.e.m.c.i.embedder.EclipseLogger - skip non existing resourceDirectory C:\Users\Sleekbook\Desktop\frameworkProiektua\Bets2021-master\src\test\resources
2021-11-18 18:01:47,983 [Worker-4: Loading available Gradle versions] INFO  o.e.b.c.i.u.g.PublishedGradleVersions - Gradle version information cache is up-to-date. Trying to read.
2021-11-18 18:34:19,545 [Worker-27: Launching ApplicationLauncher] WARN  o.e.m.c.i.embedder.EclipseLogger - The POM for org.glassfish.gmbal:gmbal:jar:4.0.0 is invalid, transitive dependencies (if any) will not be available, enable debug logging for more details
2021-11-18 20:27:26,669 [Worker-54: Downloading sources for primefaces-4.0.jar] INFO  o.e.m.c.i.e.AbstractTransferListenerAdapter - Downloading https://repo.maven.apache.org/maven2/org/primefaces/primefaces/4.0/primefaces-4.0-sources.jar
2021-11-18 20:27:27,130 [Worker-54: Downloading sources for primefaces-4.0.jar] INFO  o.e.m.c.i.e.AbstractTransferListenerAdapter - Downloaded https://repo.maven.apache.org/maven2/org/primefaces/primefaces/4.0/primefaces-4.0-sources.jar
2021-11-18 22:54:25,820 [Worker-76: Building] WARN  o.e.m.c.i.embedder.EclipseLogger - Using platform encoding (Cp1252 actually) to copy filtered resources, i.e. build is platform dependent!
2021-11-18 22:54:25,838 [Worker-76: Building] INFO  o.e.m.c.i.embedder.EclipseLogger - Copying 20 resources
2021-11-18 22:54:25,965 [Worker-76: Building] WARN  o.e.m.c.i.embedder.EclipseLogger - Using platform encoding (Cp1252 actually) to copy filtered resources, i.e. build is platform dependent!
2021-11-18 22:54:25,966 [Worker-76: Building] INFO  o.e.m.c.i.embedder.EclipseLogger - skip non existing resourceDirectory C:\Users\Sleekbook\Desktop\frameworkProiektua\Bets2021-master\src\test\resources
2021-11-18 22:54:36,088 [Worker-67: Building] WARN  o.e.m.c.i.embedder.EclipseLogger - Using platform encoding (Cp1252 actually) to copy filtered resources, i.e. build is platform dependent!
2021-11-18 22:54:36,181 [Worker-67: Building] INFO  o.e.m.c.i.embedder.EclipseLogger - Copying 21 resources
2021-11-18 22:54:36,222 [Worker-67: Building] WARN  o.e.m.c.i.embedder.EclipseLogger - Using platform encoding (Cp1252 actually) to copy filtered resources, i.e. build is platform dependent!
2021-11-18 22:54:36,223 [Worker-67: Building] INFO  o.e.m.c.i.embedder.EclipseLogger - skip non existing resourceDirectory C:\Users\Sleekbook\Desktop\frameworkProiektua\Bets2021-master\src\test\resources
2021-11-18 23:04:35,163 [Worker-84: Building] WARN  o.e.m.c.i.embedder.EclipseLogger - Using platform encoding (Cp1252 actually) to copy filtered resources, i.e. build is platform dependent!
2021-11-18 23:04:35,169 [Worker-84: Building] INFO  o.e.m.c.i.embedder.EclipseLogger - Copying 21 resources
2021-11-18 23:04:35,179 [Worker-84: Building] WARN  o.e.m.c.i.embedder.EclipseLogger - Using platform encoding (Cp1252 actually) to copy filtered resources, i.e. build is platform dependent!
2021-11-18 23:04:35,180 [Worker-84: Building] INFO  o.e.m.c.i.embedder.EclipseLogger - skip non existing resourceDirectory C:\Users\Sleekbook\Desktop\frameworkProiektua\Bets2021-master\src\test\resources
2021-11-18 23:04:40,460 [Worker-67: Building] WARN  o.e.m.c.i.embedder.EclipseLogger - Using platform encoding (Cp1252 actually) to copy filtered resources, i.e. build is platform dependent!
2021-11-18 23:04:40,465 [Worker-67: Building] INFO  o.e.m.c.i.embedder.EclipseLogger - Copying 21 resources
2021-11-18 23:04:40,474 [Worker-67: Building] WARN  o.e.m.c.i.embedder.EclipseLogger - Using platform encoding (Cp1252 actually) to copy filtered resources, i.e. build is platform dependent!
2021-11-18 23:04:40,475 [Worker-67: Building] INFO  o.e.m.c.i.embedder.EclipseLogger - skip non existing resourceDirectory C:\Users\Sleekbook\Desktop\frameworkProiektua\Bets2021-master\src\test\resources
2021-11-18 23:49:00,782 [Worker-93: Building] WARN  o.e.m.c.i.embedder.EclipseLogger - Using platform encoding (Cp1252 actually) to copy filtered resources, i.e. build is platform dependent!
2021-11-18 23:49:00,787 [Worker-93: Building] INFO  o.e.m.c.i.embedder.EclipseLogger - Copying 21 resources
2021-11-18 23:49:00,815 [Worker-93: Building] WARN  o.e.m.c.i.embedder.EclipseLogger - Using platform encoding (Cp1252 actually) to copy filtered resources, i.e. build is platform dependent!
2021-11-18 23:49:00,816 [Worker-93: Building] INFO  o.e.m.c.i.embedder.EclipseLogger - skip non existing resourceDirectory C:\Users\Sleekbook\Desktop\frameworkProiektua\Bets2021-master\src\test\resources
2021-11-19 09:13:24,106 [Worker-3: Loading available Gradle versions] INFO  o.e.b.c.i.u.g.PublishedGradleVersions - Gradle version information cache is up-to-date. Trying to read.
2021-11-19 09:32:07,734 [Worker-2: Loading available Gradle versions] INFO  o.e.b.c.i.u.g.PublishedGradleVersions - Gradle version information cache is up-to-date. Trying to read.
2021-11-19 10:04:40,740 [Worker-27: Launching ApplicationLauncher] WARN  o.e.m.c.i.embedder.EclipseLogger - The POM for org.glassfish.gmbal:gmbal:jar:4.0.0 is invalid, transitive dependencies (if any) will not be available, enable debug logging for more details
2021-11-20 15:05:51,955 [Worker-4: Loading available Gradle versions] INFO  o.e.b.c.i.u.g.PublishedGradleVersions - Gradle version information cache is out-of-date. Trying to update.
2021-11-20 15:18:27,548 [Worker-3: Loading available Gradle versions] INFO  o.e.b.c.i.u.g.PublishedGradleVersions - Gradle version information cache is up-to-date. Trying to read.
2021-11-20 18:46:53,056 [Worker-71: Launching ApplicationLauncher] WARN  o.e.m.c.i.embedder.EclipseLogger - The POM for org.glassfish.gmbal:gmbal:jar:4.0.0 is invalid, transitive dependencies (if any) will not be available, enable debug logging for more details
2021-11-23 14:56:53,528 [Worker-6: Loading available Gradle versions] INFO  o.e.b.c.i.u.g.PublishedGradleVersions - Gradle version information cache is out-of-date. Trying to update.
2021-12-03 09:57:27,751 [Worker-6: Loading available Gradle versions] INFO  o.e.b.c.i.u.g.PublishedGradleVersions - Gradle version information cache is up-to-date. Trying to read.
2021-12-10 09:27:31,386 [Worker-5: Loading available Gradle versions] INFO  o.e.b.c.i.u.g.PublishedGradleVersions - Gradle version information cache is out-of-date. Trying to update.
2021-12-10 09:32:09,903 [Worker-1: Loading available Gradle versions] INFO  o.e.b.c.i.u.g.PublishedGradleVersions - Gradle version information cache is up-to-date. Trying to read.
2021-12-10 09:49:26,030 [Worker-21: Building] WARN  o.e.m.c.i.embedder.EclipseLogger - The POM for org.glassfish.gmbal:gmbal:jar:4.0.0 is invalid, transitive dependencies (if any) will not be available, enable debug logging for more details
2021-12-10 09:49:35,280 [Worker-21: Building] WARN  o.e.m.c.i.embedder.EclipseLogger - Using platform encoding (Cp1252 actually) to copy filtered resources, i.e. build is platform dependent!
2021-12-10 09:49:35,311 [Worker-21: Building] INFO  o.e.m.c.i.embedder.EclipseLogger - Copying 23 resources
2021-12-10 09:49:35,467 [Worker-21: Building] WARN  o.e.m.c.i.embedder.EclipseLogger - Using platform encoding (Cp1252 actually) to copy filtered resources, i.e. build is platform dependent!
2021-12-10 09:49:35,467 [Worker-21: Building] INFO  o.e.m.c.i.embedder.EclipseLogger - skip non existing resourceDirectory C:\Users\Sleekbook\Desktop\hibernateProiektua\Bets2021-master\src\test\resources
2021-12-11 02:04:01,831 [Worker-7: Loading available Gradle versions] INFO  o.e.b.c.i.u.g.PublishedGradleVersions - Gradle version information cache is up-to-date. Trying to read.
2021-12-11 02:33:01,256 [Worker-5: Loading available Gradle versions] INFO  o.e.b.c.i.u.g.PublishedGradleVersions - Gradle version information cache is up-to-date. Trying to read.
2021-12-15 01:06:29,670 [Worker-1: Loading available Gradle versions] INFO  o.e.b.c.i.u.g.PublishedGradleVersions - Gradle version information cache is out-of-date. Trying to update.
2021-12-15 10:52:37,822 [Worker-1: Loading available Gradle versions] INFO  o.e.b.c.i.u.g.PublishedGradleVersions - Gradle version information cache is up-to-date. Trying to read.
2021-12-15 10:53:15,866 [Worker-6: Building] WARN  o.e.m.c.i.embedder.EclipseLogger - The POM for org.glassfish.gmbal:gmbal:jar:4.0.0 is invalid, transitive dependencies (if any) will not be available, enable debug logging for more details
2021-12-15 10:54:25,183 [Worker-6: Building] WARN  o.e.m.c.i.embedder.EclipseLogger - Using platform encoding (Cp1252 actually) to copy filtered resources, i.e. build is platform dependent!
2021-12-15 10:54:25,372 [Worker-6: Building] INFO  o.e.m.c.i.embedder.EclipseLogger - Copying 23 resources
2021-12-15 10:54:25,776 [Worker-6: Building] WARN  o.e.m.c.i.embedder.EclipseLogger - Using platform encoding (Cp1252 actually) to copy filtered resources, i.e. build is platform dependent!
2021-12-15 10:54:25,782 [Worker-6: Building] INFO  o.e.m.c.i.embedder.EclipseLogger - skip non existing resourceDirectory C:\Users\Sleekbook\Desktop\hibernateProiektua\Bets2021-master\src\test\resources
2021-12-16 09:35:14,840 [Worker-6: Loading available Gradle versions] INFO  o.e.b.c.i.u.g.PublishedGradleVersions - Gradle version information cache is out-of-date. Trying to update.
2021-12-16 11:01:52,388 [Worker-6: Loading available Gradle versions] INFO  o.e.b.c.i.u.g.PublishedGradleVersions - Gradle version information cache is up-to-date. Trying to read.
2021-12-16 19:05:02,831 [Worker-5: Loading available Gradle versions] INFO  o.e.b.c.i.u.g.PublishedGradleVersions - Gradle version information cache is up-to-date. Trying to read.
2021-12-17 09:14:47,423 [Worker-3: Loading available Gradle versions] INFO  o.e.b.c.i.u.g.PublishedGradleVersions - Gradle version information cache is up-to-date. Trying to read.
2021-12-21 00:13:58,894 [Worker-7: Loading available Gradle versions] INFO  o.e.b.c.i.u.g.PublishedGradleVersions - Gradle version information cache is out-of-date. Trying to update.
2021-12-21 17:10:05,089 [Worker-2: Loading available Gradle versions] INFO  o.e.b.c.i.u.g.PublishedGradleVersions - Gradle version information cache is up-to-date. Trying to read.
2021-12-22 15:51:02,911 [Worker-1: Loading available Gradle versions] INFO  o.e.b.c.i.u.g.PublishedGradleVersions - Gradle version information cache is out-of-date. Trying to update.
