------------------------------------------------------------------------------------------------------------------------

[2021-11-20 15:19:52 #1 store] 
Database 'C:\Windows\System32\src\main\resources\bets.temp' is opened by 8660@Hp

[2021-11-20 15:19:52 #2 type] 
Type domain.Question is not enhanced.

[2021-11-20 15:19:52 #3 type] 
Type domain.Event is not enhanced.

------------------------------------------------------------------------------------------------------------------------

[2021-11-20 15:21:33 #1 store] 
Database 'C:\Windows\System32\src\main\resources\bets.temp' is opened by 8968@Hp

[2021-11-20 15:21:33 #2 type] 
Type domain.Question is not enhanced.

[2021-11-20 15:21:33 #3 type] 
Type domain.Event is not enhanced.

------------------------------------------------------------------------------------------------------------------------

[2021-11-20 15:33:47 #1 store] 
Database 'C:\Windows\System32\src\main\resources\bets.temp' is opened by 3596@Hp

[2021-11-20 15:33:47 #2 type] 
Type domain.Question is not enhanced.

[2021-11-20 15:33:47 #3 type] 
Type domain.Event is not enhanced.

------------------------------------------------------------------------------------------------------------------------

[2021-11-20 15:34:49 #1 store] 
Database 'C:\Windows\System32\src\main\resources\bets.temp' is opened by 9880@Hp

[2021-11-20 15:34:49 #2 type] 
Type domain.Question is not enhanced.

[2021-11-20 15:34:49 #3 type] 
Type domain.Event is not enhanced.

------------------------------------------------------------------------------------------------------------------------

[2021-11-20 15:59:20 #1 store] 
Database 'C:\Windows\System32\src\main\resources\bets.temp' is opened by 5040@Hp

[2021-11-20 15:59:20 #2 type] 
Type domain.Question is not enhanced.

[2021-11-20 15:59:20 #3 type] 
Type domain.Event is not enhanced.

------------------------------------------------------------------------------------------------------------------------

[2021-11-20 16:21:43 #1 store] 
Database 'C:\Windows\System32\src\main\resources\bets.temp' is opened by 8644@Hp

[2021-11-20 16:21:44 #2 type] 
Type domain.Question is not enhanced.

[2021-11-20 16:21:44 #3 type] 
Type domain.Event is not enhanced.

------------------------------------------------------------------------------------------------------------------------

[2021-11-20 16:26:44 #1 store] 
Database 'C:\Windows\System32\src\main\resources\bets.temp' is opened by 9776@Hp

[2021-11-20 16:26:45 #2 type] 
Type domain.Question is not enhanced.

[2021-11-20 16:26:45 #3 type] 
Type domain.Event is not enhanced.

------------------------------------------------------------------------------------------------------------------------

[2021-11-20 16:54:06 #1 store] 
Database 'C:\Windows\System32\src\main\resources\bets.temp' is opened by 12840@Hp

[2021-11-20 16:54:07 #2 type] 
Type domain.Question is not enhanced.

[2021-11-20 16:54:07 #3 type] 
Type domain.Event is not enhanced.

------------------------------------------------------------------------------------------------------------------------

[2021-11-20 16:55:49 #1 store] 
Database 'C:\Windows\System32\src\main\resources\bets.temp' is opened by 1828@Hp

[2021-11-20 16:55:49 #2 type] 
Type domain.Question is not enhanced.

[2021-11-20 16:55:49 #3 type] 
Type domain.Event is not enhanced.

------------------------------------------------------------------------------------------------------------------------

[2021-11-20 17:20:33 #1 store] 
Database 'C:\Windows\System32\src\main\resources\bets.temp' is opened by 9900@Hp

[2021-11-20 17:20:34 #2 type] 
Type domain.Question is not enhanced.

[2021-11-20 17:20:34 #3 type] 
Type domain.Event is not enhanced.

------------------------------------------------------------------------------------------------------------------------

[2021-11-20 18:00:10 #1 store] 
Database 'C:\Windows\System32\src\main\resources\bets.temp' is opened by 8488@Hp

[2021-11-20 18:00:10 #2 type] 
Type domain.Question is not enhanced.

[2021-11-20 18:00:10 #3 type] 
Type domain.Event is not enhanced.

------------------------------------------------------------------------------------------------------------------------

[2021-11-20 18:01:42 #1 store] 
Database 'C:\Windows\System32\src\main\resources\bets.temp' has been recovered (tr. 6-6)

[2021-11-20 18:01:42 #2 store] 
Database 'C:\Windows\System32\src\main\resources\bets.temp' is opened by 5216@Hp

[2021-11-20 18:01:42 #3 type] 
Type domain.Question is not enhanced.

[2021-11-20 18:01:42 #4 type] 
Type domain.Event is not enhanced.

------------------------------------------------------------------------------------------------------------------------

[2021-11-20 18:02:12 #1 store] 
Database 'C:\Windows\System32\src\main\resources\bets.temp' is opened by 13284@Hp

[2021-11-20 18:02:12 #2 type] 
Type domain.Question is not enhanced.

[2021-11-20 18:02:12 #3 type] 
Type domain.Event is not enhanced.

------------------------------------------------------------------------------------------------------------------------

[2021-11-20 18:51:29 #1 store] 
Database 'C:\Windows\System32\src\main\resources\bets.temp' has been recovered (tr. 7-7)

[2021-11-20 18:51:29 #2 store] 
Database 'C:\Windows\System32\src\main\resources\bets.temp' is opened by 8672@Hp

[2021-11-20 18:51:30 #3 type] 
Type domain.Question is not enhanced.

[2021-11-20 18:51:30 #4 type] 
Type domain.Event is not enhanced.

------------------------------------------------------------------------------------------------------------------------

[2021-11-20 19:03:48 #1 store] 
Database 'C:\Windows\System32\src\main\resources\bets.temp' has been recovered (tr. 8-8)

[2021-11-20 19:03:48 #2 store] 
Database 'C:\Windows\System32\src\main\resources\bets.temp' is opened by 10960@Hp

[2021-11-20 19:03:48 #3 type] 
Type domain.Question is not enhanced.

[2021-11-20 19:03:48 #4 type] 
Type domain.Event is not enhanced.

------------------------------------------------------------------------------------------------------------------------

[2021-11-20 19:09:49 #1 store] 
Database 'C:\Windows\System32\src\main\resources\bets.temp' is opened by 10640@Hp

[2021-11-20 19:09:49 #2 type] 
Type domain.Question is not enhanced.

[2021-11-20 19:09:49 #3 type] 
Type domain.Event is not enhanced.

------------------------------------------------------------------------------------------------------------------------

[2021-11-20 19:11:37 #1 store] 
Database 'C:\Windows\System32\src\main\resources\bets.temp' is opened by 9960@Hp

[2021-11-20 19:11:37 #2 type] 
Type domain.Question is not enhanced.

[2021-11-20 19:11:37 #3 type] 
Type domain.Event is not enhanced.

------------------------------------------------------------------------------------------------------------------------

[2021-11-20 19:14:50 #1 store] 
Database 'C:\Windows\System32\src\main\resources\bets.temp' is opened by 8076@Hp

[2021-11-20 19:14:50 #2 type] 
Type domain.Question is not enhanced.

[2021-11-20 19:14:50 #3 type] 
Type domain.Event is not enhanced.

