------------------------------------------------------------------------------------------------------------------------

[2021-11-19 09:48:09 #1 store] 
Database 'C:\Windows\System32\src\main\resources\bets.temp' is opened by 11396@Hp

[2021-11-19 09:48:11 #2 type.registry] 
New type domain.Question

[2021-11-19 09:48:11 #3 type] 
Type domain.Question is not enhanced.

[2021-11-19 09:48:11 #4 type.registry] 
New type domain.Event

[2021-11-19 09:48:11 #5 type] 
Type domain.Event is not enhanced.

[2021-11-19 09:48:11 #6 type.registry] 
New type java.util.Vector<domain.Question>

[2021-11-19 09:48:11 #7 type.registry] 
New type java.util.Vector<java.lang.Object>

------------------------------------------------------------------------------------------------------------------------

[2021-11-19 09:55:09 #1 store] 
Database 'C:\Windows\System32\src\main\resources\bets.temp' has been recovered (tr. 1-5)

[2021-11-19 09:55:09 #2 store] 
Database 'C:\Windows\System32\src\main\resources\bets.temp' is opened by 2664@Hp

[2021-11-19 09:55:10 #3 type] 
Type domain.Question is not enhanced.

[2021-11-19 09:55:10 #4 type] 
Type domain.Event is not enhanced.

------------------------------------------------------------------------------------------------------------------------

[2021-11-19 10:03:13 #1 store] 
Database 'C:\Windows\System32\src\main\resources\bets.temp' is opened by 10284@Hp

[2021-11-19 10:03:14 #2 type] 
Type domain.Question is not enhanced.

[2021-11-19 10:03:14 #3 type] 
Type domain.Event is not enhanced.

------------------------------------------------------------------------------------------------------------------------

[2021-11-19 10:10:35 #1 store] 
Database 'C:\Windows\System32\src\main\resources\bets.temp' is opened by 8224@Hp

[2021-11-19 10:10:35 #2 type] 
Type domain.Question is not enhanced.

[2021-11-19 10:10:35 #3 type] 
Type domain.Event is not enhanced.

------------------------------------------------------------------------------------------------------------------------

[2021-11-19 10:18:08 #1 store] 
Database 'C:\Windows\System32\src\main\resources\bets.temp' is opened by 9856@Hp

[2021-11-19 10:18:08 #2 type] 
Type domain.Question is not enhanced.

[2021-11-19 10:18:08 #3 type] 
Type domain.Event is not enhanced.

------------------------------------------------------------------------------------------------------------------------

[2021-11-19 10:19:52 #1 store] 
Database 'C:\Windows\System32\src\main\resources\bets.temp' is opened by 3736@Hp

[2021-11-19 10:19:52 #2 type] 
Type domain.Question is not enhanced.

[2021-11-19 10:19:52 #3 type] 
Type domain.Event is not enhanced.

------------------------------------------------------------------------------------------------------------------------

[2021-11-19 10:24:48 #1 store] 
Database 'C:\Windows\System32\src\main\resources\bets.temp' is opened by 11648@Hp

[2021-11-19 10:24:48 #2 type] 
Type domain.Question is not enhanced.

[2021-11-19 10:24:48 #3 type] 
Type domain.Event is not enhanced.

------------------------------------------------------------------------------------------------------------------------

[2021-11-19 10:27:39 #1 store] 
Database 'C:\Windows\System32\src\main\resources\bets.temp' is opened by 7476@Hp

[2021-11-19 10:27:40 #2 type] 
Type domain.Question is not enhanced.

[2021-11-19 10:27:40 #3 type] 
Type domain.Event is not enhanced.

------------------------------------------------------------------------------------------------------------------------

[2021-11-19 10:29:52 #1 store] 
Database 'C:\Windows\System32\src\main\resources\bets.temp' is opened by 9776@Hp

[2021-11-19 10:29:52 #2 type] 
Type domain.Question is not enhanced.

[2021-11-19 10:29:52 #3 type] 
Type domain.Event is not enhanced.

------------------------------------------------------------------------------------------------------------------------

[2021-11-19 11:23:17 #1 store] 
Database 'C:\Windows\System32\src\main\resources\bets.temp' is opened by 2012@Hp

[2021-11-19 11:23:17 #2 type] 
Type domain.Question is not enhanced.

[2021-11-19 11:23:17 #3 type] 
Type domain.Event is not enhanced.

------------------------------------------------------------------------------------------------------------------------

[2021-11-19 11:27:08 #1 store] 
Database 'C:\Windows\System32\src\main\resources\bets.temp' is opened by 5684@Hp

[2021-11-19 11:27:09 #2 type] 
Type domain.Question is not enhanced.

[2021-11-19 11:27:09 #3 type] 
Type domain.Event is not enhanced.

------------------------------------------------------------------------------------------------------------------------

[2021-11-19 11:27:54 #1 store] 
Database 'C:\Windows\System32\src\main\resources\bets.temp' is opened by 1072@Hp

[2021-11-19 11:27:55 #2 type] 
Type domain.Question is not enhanced.

[2021-11-19 11:27:55 #3 type] 
Type domain.Event is not enhanced.

------------------------------------------------------------------------------------------------------------------------

[2021-11-19 11:29:38 #1 store] 
Database 'C:\Windows\System32\src\main\resources\bets.temp' is opened by 2780@Hp

[2021-11-19 11:29:39 #2 type] 
Type domain.Question is not enhanced.

[2021-11-19 11:29:39 #3 type] 
Type domain.Event is not enhanced.

------------------------------------------------------------------------------------------------------------------------

[2021-11-19 11:35:43 #1 store] 
Database 'C:\Windows\System32\src\main\resources\bets.temp' is opened by 11572@Hp

[2021-11-19 11:35:43 #2 type] 
Type domain.Question is not enhanced.

[2021-11-19 11:35:43 #3 type] 
Type domain.Event is not enhanced.

------------------------------------------------------------------------------------------------------------------------

[2021-11-19 11:37:52 #1 store] 
Database 'C:\Windows\System32\src\main\resources\bets.temp' is opened by 376@Hp

[2021-11-19 11:37:52 #2 type] 
Type domain.Question is not enhanced.

[2021-11-19 11:37:52 #3 type] 
Type domain.Event is not enhanced.

------------------------------------------------------------------------------------------------------------------------

[2021-11-19 11:40:09 #1 store] 
Database 'C:\Windows\System32\src\main\resources\bets.temp' is opened by 6464@Hp

[2021-11-19 11:40:10 #2 type] 
Type domain.Question is not enhanced.

[2021-11-19 11:40:10 #3 type] 
Type domain.Event is not enhanced.

------------------------------------------------------------------------------------------------------------------------

[2021-11-19 11:41:24 #1 store] 
Database 'C:\Windows\System32\src\main\resources\bets.temp' is opened by 9728@Hp

[2021-11-19 11:41:24 #2 type] 
Type domain.Question is not enhanced.

[2021-11-19 11:41:24 #3 type] 
Type domain.Event is not enhanced.

------------------------------------------------------------------------------------------------------------------------

[2021-11-19 11:44:12 #1 store] 
Database 'C:\Windows\System32\src\main\resources\bets.temp' is opened by 10852@Hp

[2021-11-19 11:44:12 #2 type] 
Type domain.Question is not enhanced.

[2021-11-19 11:44:12 #3 type] 
Type domain.Event is not enhanced.

------------------------------------------------------------------------------------------------------------------------

[2021-11-19 11:45:42 #1 store] 
Database 'C:\Windows\System32\src\main\resources\bets.temp' is opened by 11988@Hp

[2021-11-19 11:45:43 #2 type] 
Type domain.Question is not enhanced.

[2021-11-19 11:45:43 #3 type] 
Type domain.Event is not enhanced.

------------------------------------------------------------------------------------------------------------------------

[2021-11-19 11:48:52 #1 store] 
Database 'C:\Windows\System32\src\main\resources\bets.temp' is opened by 12020@Hp

[2021-11-19 11:48:52 #2 type] 
Type domain.Question is not enhanced.

[2021-11-19 11:48:52 #3 type] 
Type domain.Event is not enhanced.

------------------------------------------------------------------------------------------------------------------------

[2021-11-19 11:50:12 #1 store] 
Database 'C:\Windows\System32\src\main\resources\bets.temp' is opened by 6988@Hp

[2021-11-19 11:50:12 #2 type] 
Type domain.Question is not enhanced.

[2021-11-19 11:50:12 #3 type] 
Type domain.Event is not enhanced.

------------------------------------------------------------------------------------------------------------------------

[2021-11-19 11:52:16 #1 store] 
Database 'C:\Windows\System32\src\main\resources\bets.temp' is opened by 10500@Hp

[2021-11-19 11:52:16 #2 type] 
Type domain.Question is not enhanced.

[2021-11-19 11:52:16 #3 type] 
Type domain.Event is not enhanced.

------------------------------------------------------------------------------------------------------------------------

[2021-11-19 11:56:01 #1 store] 
Database 'C:\Windows\System32\src\main\resources\bets.temp' is opened by 3292@Hp

[2021-11-19 11:56:01 #2 type] 
Type domain.Question is not enhanced.

[2021-11-19 11:56:01 #3 type] 
Type domain.Event is not enhanced.

------------------------------------------------------------------------------------------------------------------------

[2021-11-19 11:57:06 #1 store] 
Database 'C:\Windows\System32\src\main\resources\bets.temp' is opened by 10436@Hp

[2021-11-19 11:57:07 #2 type] 
Type domain.Question is not enhanced.

[2021-11-19 11:57:07 #3 type] 
Type domain.Event is not enhanced.

