------------------------------------------------------------------------------------------------------------------------

[2021-11-19 00:51:13 #1 store] 
Database 'C:\Users\Sleekbook\Desktop\frameworkProiektua\Bets2021-master\src\main\resources\bets.temp' is opened by 5068@Hp

[2021-11-19 00:51:14 #2 type.registry] 
New type domain.Event

[2021-11-19 00:51:14 #3 type] 
Type domain.Event is not enhanced.

[2021-11-19 00:51:14 #4 type.registry] 
New type domain.Question

[2021-11-19 00:51:14 #5 type.registry] 
New type java.util.Vector<domain.Question>

[2021-11-19 00:51:14 #6 type] 
Type domain.Question is not enhanced.

[2021-11-19 00:51:14 #7 type.registry] 
New type java.util.Vector<java.lang.Object>

------------------------------------------------------------------------------------------------------------------------

[2021-11-19 10:04:48 #1 store] 
Database 'C:\Users\Sleekbook\Desktop\frameworkProiektua\Bets2021-master\src\main\resources\bets.temp' is opened by 8244@Hp

[2021-11-19 10:04:49 #2 type.registry] 
New type domain.Event

[2021-11-19 10:04:49 #3 type] 
Type domain.Event is not enhanced.

[2021-11-19 10:04:49 #4 type.registry] 
New type domain.Question

[2021-11-19 10:04:49 #5 type.registry] 
New type java.util.Vector<domain.Question>

[2021-11-19 10:04:49 #6 type] 
Type domain.Question is not enhanced.

[2021-11-19 10:04:49 #7 type.registry] 
New type java.util.Vector<java.lang.Object>

------------------------------------------------------------------------------------------------------------------------

[2021-11-19 10:07:11 #1 store] 
Database 'C:\Users\Sleekbook\Desktop\frameworkProiektua\Bets2021-master\src\main\resources\bets.temp' is opened by 12408@Hp

[2021-11-19 10:07:11 #2 type.registry] 
New type domain.Event

[2021-11-19 10:07:11 #3 type] 
Type domain.Event is not enhanced.

[2021-11-19 10:07:11 #4 type.registry] 
New type domain.Question

[2021-11-19 10:07:11 #5 type.registry] 
New type java.util.Vector<domain.Question>

[2021-11-19 10:07:11 #6 type] 
Type domain.Question is not enhanced.

[2021-11-19 10:07:11 #7 type.registry] 
New type java.util.Vector<java.lang.Object>

------------------------------------------------------------------------------------------------------------------------

[2021-11-19 10:08:02 #1 store] 
Database 'C:\Users\Sleekbook\Desktop\frameworkProiektua\Bets2021-master\src\main\resources\bets.temp' is opened by 11780@Hp

[2021-11-19 10:08:02 #2 type.registry] 
New type domain.Event

[2021-11-19 10:08:02 #3 type] 
Type domain.Event is not enhanced.

[2021-11-19 10:08:02 #4 type.registry] 
New type domain.Question

[2021-11-19 10:08:02 #5 type.registry] 
New type java.util.Vector<domain.Question>

[2021-11-19 10:08:02 #6 type] 
Type domain.Question is not enhanced.

[2021-11-19 10:08:02 #7 type.registry] 
New type java.util.Vector<java.lang.Object>

------------------------------------------------------------------------------------------------------------------------

[2021-11-19 10:20:48 #1 store] 
Database 'C:\Users\Sleekbook\Desktop\frameworkProiektua\Bets2021-master\src\main\resources\bets.temp' is opened by 10820@Hp

[2021-11-19 10:20:48 #2 type.registry] 
New type domain.Event

[2021-11-19 10:20:48 #3 type] 
Type domain.Event is not enhanced.

[2021-11-19 10:20:48 #4 type.registry] 
New type domain.Question

[2021-11-19 10:20:48 #5 type.registry] 
New type java.util.Vector<domain.Question>

[2021-11-19 10:20:48 #6 type] 
Type domain.Question is not enhanced.

[2021-11-19 10:20:48 #7 type.registry] 
New type java.util.Vector<java.lang.Object>

------------------------------------------------------------------------------------------------------------------------

[2021-11-19 12:03:41 #1 store] 
Database 'C:\Users\Sleekbook\Desktop\frameworkProiektua\Bets2021-master\src\main\resources\bets.temp' is opened by 11804@Hp

[2021-11-19 12:03:41 #2 type.registry] 
New type domain.Event

[2021-11-19 12:03:41 #3 type] 
Type domain.Event is not enhanced.

[2021-11-19 12:03:41 #4 type.registry] 
New type domain.Question

[2021-11-19 12:03:41 #5 type.registry] 
New type java.util.Vector<domain.Question>

[2021-11-19 12:03:41 #6 type] 
Type domain.Question is not enhanced.

[2021-11-19 12:03:41 #7 type.registry] 
New type java.util.Vector<java.lang.Object>

