------------------------------------------------------------------------------------------------------------------------

[2021-11-17 10:59:48 #1 store] 
Database 'C:\Users\Sleekbook\Desktop\frameworkProiektua\Bets2021-master\src\main\resources\bets.temp' is opened by 12452@Hp

[2021-11-17 10:59:49 #2 type.registry] 
New type domain.Event

[2021-11-17 10:59:49 #3 type] 
Type domain.Event is not enhanced.

[2021-11-17 10:59:49 #4 type.registry] 
New type domain.Question

[2021-11-17 10:59:49 #5 type.registry] 
New type java.util.Vector<domain.Question>

[2021-11-17 10:59:49 #6 type] 
Type domain.Question is not enhanced.

[2021-11-17 10:59:49 #7 type.registry] 
New type java.util.Vector<java.lang.Object>

------------------------------------------------------------------------------------------------------------------------

[2021-11-17 11:02:57 #1 store] 
Database 'C:\Users\Sleekbook\Desktop\frameworkProiektua\Bets2021-master\src\main\resources\bets.temp' is opened by 1112@Hp

[2021-11-17 11:02:57 #2 type.registry] 
New type domain.Event

[2021-11-17 11:02:57 #3 type] 
Type domain.Event is not enhanced.

[2021-11-17 11:02:57 #4 type.registry] 
New type domain.Question

[2021-11-17 11:02:57 #5 type.registry] 
New type java.util.Vector<domain.Question>

[2021-11-17 11:02:57 #6 type] 
Type domain.Question is not enhanced.

[2021-11-17 11:02:57 #7 type.registry] 
New type java.util.Vector<java.lang.Object>

------------------------------------------------------------------------------------------------------------------------

[2021-11-17 11:05:40 #1 store] 
Database 'C:\Users\Sleekbook\Desktop\frameworkProiektua\Bets2021-master\src\main\resources\bets.temp' is opened by 252@Hp

[2021-11-17 11:05:40 #2 type.registry] 
New type domain.Event

[2021-11-17 11:05:40 #3 type] 
Type domain.Event is not enhanced.

[2021-11-17 11:05:40 #4 type.registry] 
New type domain.Question

[2021-11-17 11:05:40 #5 type.registry] 
New type java.util.Vector<domain.Question>

[2021-11-17 11:05:40 #6 type] 
Type domain.Question is not enhanced.

[2021-11-17 11:05:40 #7 type.registry] 
New type java.util.Vector<java.lang.Object>

